INFO  2016-10-12 21:47:29,908 (Saros.java:220) Starting Saros 14.10.31 running:
  Java Version: 1.8.0_101
  Java Vendor: Oracle Corporation
  Eclipse Runtime Version: 3.12.0.v20160606-1342
  Operating System: Windows 10 (10.0)
  Hardware Architecture: amd64
INFO  2016-10-12 21:47:29,961 (SarosContext.java:153) creating Saros runtime context...
DEBUG 2016-10-12 21:47:29,992 (XMPPAccountStore.java:117) loading accounts from file: C:\Users\Mahajan\.saros\config.dat
DEBUG 2016-10-12 21:47:30,224 (XMPPAccountStore.java:176) loaded 2 account(s)
INFO  2016-10-12 21:47:30,449 (SarosContext.java:199) successfully created Saros runtime context
DEBUG 2016-10-12 21:47:30,482 (DataTransferManager.java:467) used transport order for the current XMPP connection: [XMPP-Socks5-Transport, XMPP-IBB-Transport]
INFO  2016-10-12 21:47:30,514 (PreferenceInitializer.java:50) initializing preference default values
DEBUG 2016-10-12 21:47:30,556 (SarosAnnotation.java:117) resetting annotation colors
DEBUG 2016-10-12 21:47:30,563 (Saros.java:264) autogenerated favorite color id is: 1
DEBUG 2016-10-12 21:47:30,564 (Saros.java:430) skipping conversion of old XMPP accounts, because there are already new ones
DEBUG 2016-10-12 21:47:47,980 (WhiteboardManager.java:194) WhiteboardManager instantiated
DEBUG 2016-10-12 21:47:48,071 (DocumentRecord.java:93) Added Node: attr(147632686806688422) name=svg
DEBUG 2016-10-12 21:47:48,193 (XMPPConnectionService.java:439) started Socks5 proxy on port: 7777 [listening on all interfaces]
DEBUG 2016-10-12 21:47:50,731 (XMPPConnectionService.java:459) using autodetected addresses: [192.168.56.1, 172.24.51.88, fe80:0:0:0:7002:59bc:a210:ebb%wlan0, 2001:0:5ef5:79fd:2448:1eef:53e7:cca7, fe80:0:0:0:2448:1eef:53e7:cca7%net4, fe80:0:0:0:fc6c:7ecf:8f57:23df%eth8]
DEBUG 2016-10-12 21:47:50,741 (XMPPConnectionService.java:398)  new connection state == CONNECTING
DEBUG 2016-10-12 21:47:51,646 (XMPPConnectionService.java:398) mmhajan@im.koderoot.net/Saros new connection state == CONNECTED
DEBUG 2016-10-12 21:47:51,647 (DataTransferManager.java:467) used transport order for the current XMPP connection: [XMPP-Socks5-Transport, XMPP-IBB-Transport]
DEBUG 2016-10-12 21:47:51,651 (SkypeManager.java:289) Refreshing Skype username cache...
WARN  2016-10-12 21:48:01,049 (StunServiceImpl.java:420) received no response from STUN server stunserver.org/69.172.201.153:3478 at local address /172.24.51.88:0
WARN  2016-10-12 21:48:01,049 (StunServiceImpl.java:420) received no response from STUN server stunserver.org/69.172.201.153:3478 at local address /192.168.56.1:0
DEBUG 2016-10-12 21:49:31,989 (SharedDocumentProvider.java:77) SharedDocumentProvider created by Eclipse
ERROR 2016-10-12 22:39:01,304 (XMPPConnectionService.java:101) XMPP connection error: 
java.io.EOFException: no more data available - expected end tag </stream:stream> to close start tag <stream:stream> from line 1, parser stopped on END_TAG seen ... id=\'Ux73C-105\' type=\'result\' to=\'mmhajan@im.koderoot.net/Saros\'/>... @1:8720
	at org.xmlpull.mxp1.MXParser.fillBuf(MXParser.java:3035)
	at org.xmlpull.mxp1.MXParser.more(MXParser.java:3046)
	at org.xmlpull.mxp1.MXParser.nextImpl(MXParser.java:1144)
	at org.xmlpull.mxp1.MXParser.next(MXParser.java:1093)
	at org.jivesoftware.smack.PacketReader.parsePackets(PacketReader.java:312)
	at org.jivesoftware.smack.PacketReader.access$000(PacketReader.java:48)
	at org.jivesoftware.smack.PacketReader$1.run(PacketReader.java:76)
ERROR 2016-10-12 22:39:01,518 (XMPPConnectionService.java:400)  new connection state == ERROR
java.io.EOFException: no more data available - expected end tag </stream:stream> to close start tag <stream:stream> from line 1, parser stopped on END_TAG seen ... id=\'Ux73C-105\' type=\'result\' to=\'mmhajan@im.koderoot.net/Saros\'/>... @1:8720
	at org.xmlpull.mxp1.MXParser.fillBuf(MXParser.java:3035)
	at org.xmlpull.mxp1.MXParser.more(MXParser.java:3046)
	at org.xmlpull.mxp1.MXParser.nextImpl(MXParser.java:1144)
	at org.xmlpull.mxp1.MXParser.next(MXParser.java:1093)
	at org.jivesoftware.smack.PacketReader.parsePackets(PacketReader.java:312)
	at org.jivesoftware.smack.PacketReader.access$000(PacketReader.java:48)
	at org.jivesoftware.smack.PacketReader$1.run(PacketReader.java:76)
DEBUG 2016-10-12 22:39:01,523 (XMPPConnectionService.java:398)  new connection state == NOT_CONNECTED
DEBUG 2016-10-12 22:42:37,304 (UPnPServiceImpl.java:295) deleting existing port mappings
